<?xml version="1.0" encoding="UTF-8"?>
<!-- Generated by org.testng.reporters.JUnitReportReporter -->
<testsuite hostname="Shaon" failures="0" tests="1" name="Mvn.ClassTask3.AppTest" time="3.406" errors="0" timestamp="2024-02-17T09:51:38 PST" skipped="0">
  <testcase classname="Mvn.ClassTask3.AppTest" name="validLogin" time="3.406"/>
</testsuite> <!-- Mvn.ClassTask3.AppTest -->
